<?xml version="1.0" encoding="UTF-8"?>
<!-- Generated by org.testng.reporters.JUnitReportReporter -->
<testsuite skipped="0" hostname="aa028" name="com.selenium.testng.TestAddParamenter1" tests="3" failures="0" timestamp="22 七月 2018 06:31:34 GMT" time="0.010" errors="0">
  <testcase name="f" time="0.006" classname="com.selenium.testng.TestAddParamenter1"/>
  <testcase name="f" time="0.001" classname="com.selenium.testng.TestAddParamenter1"/>
  <testcase name="f" time="0.003" classname="com.selenium.testng.TestAddParamenter1"/>
</testsuite> <!-- com.selenium.testng.TestAddParamenter1 -->
