<?xml version="1.0" encoding="UTF-8"?>
<!-- Generated by org.testng.reporters.JUnitReportReporter -->
<testsuite skipped="0" hostname="aa028" name="com.selenium.testng.TestAddByTestng" tests="1" failures="0" timestamp="22 七月 2018 06:22:39 GMT" time="0.005" errors="0">
  <testcase name="test" time="0.005" classname="com.selenium.testng.TestAddByTestng"/>
</testsuite> <!-- com.selenium.testng.TestAddByTestng -->
